SF:lib/domain/model/movie.dart
DA:6,2
DA:22,1
DA:23,1
DA:24,1
DA:25,1
DA:26,1
DA:27,1
DA:28,1
DA:29,1
DA:30,1
DA:31,1
DA:32,1
DA:33,4
DA:34,4
DA:52,0
LF:15
LH:14
end_of_record
SF:lib/domain/model/movie_details.dart
DA:5,1
DA:31,1
DA:41,3
DA:42,3
DA:45,1
DA:46,1
DA:47,1
DA:48,1
DA:49,1
DA:50,1
DA:51,1
DA:52,1
DA:53,1
DA:54,1
DA:55,1
DA:56,1
DA:57,1
DA:58,1
DA:59,1
DA:60,1
DA:61,1
DA:62,1
DA:63,1
DA:64,1
DA:65,1
DA:66,1
DA:67,1
DA:68,1
DA:69,1
DA:70,1
DA:71,1
LF:31
LH:31
end_of_record
SF:lib/data/dto/movie_details_dto.dart
DA:3,0
DA:4,0
DA:5,0
DA:6,0
DA:9,0
DA:37,1
DA:38,2
DA:39,2
DA:40,2
DA:41,0
DA:43,2
DA:44,1
DA:45,2
DA:46,3
DA:47,3
DA:50,2
DA:51,2
DA:52,2
DA:53,2
DA:54,2
DA:55,2
DA:56,2
DA:57,2
DA:58,1
DA:59,2
DA:60,3
DA:61,3
DA:64,1
DA:65,2
DA:66,3
DA:67,3
DA:70,2
DA:71,2
DA:72,2
DA:73,1
DA:74,2
DA:75,3
DA:76,3
DA:79,2
DA:80,2
DA:81,2
DA:82,2
DA:83,2
DA:84,2
DA:112,0
DA:113,0
DA:114,0
DA:115,0
DA:116,0
DA:117,0
DA:119,0
DA:120,0
DA:121,0
DA:123,0
DA:124,0
DA:125,0
DA:126,0
DA:127,0
DA:128,0
DA:129,0
DA:130,0
DA:131,0
DA:132,0
DA:133,0
DA:135,0
DA:136,0
DA:137,0
DA:139,0
DA:140,0
DA:141,0
DA:142,0
DA:143,0
DA:144,0
DA:146,0
DA:147,0
DA:148,0
DA:149,0
DA:150,0
DA:151,0
DA:156,0
DA:157,0
DA:158,0
DA:159,0
DA:162,0
DA:168,1
DA:169,2
DA:170,2
DA:171,2
DA:177,0
DA:178,0
DA:179,0
DA:180,0
DA:181,0
DA:186,0
DA:187,0
DA:188,0
DA:189,0
DA:192,0
DA:197,1
DA:198,2
DA:199,2
DA:204,0
DA:205,0
DA:206,0
DA:207,0
DA:212,0
DA:213,0
DA:214,0
DA:215,0
DA:218,0
DA:225,1
DA:226,2
DA:227,2
DA:228,2
DA:229,2
DA:236,0
DA:237,0
DA:238,0
DA:239,0
DA:240,0
DA:241,0
DA:246,0
DA:247,0
DA:250,0
DA:255,1
DA:256,2
DA:257,2
DA:262,0
DA:263,0
DA:264,0
DA:265,0
DA:270,0
DA:271,0
DA:272,0
DA:273,0
DA:276,0
DA:283,0
DA:284,0
DA:285,0
DA:286,0
DA:287,0
DA:294,0
DA:295,0
DA:296,0
DA:297,0
DA:298,0
DA:299,0
LF:147
LH:53
end_of_record
SF:lib/data/dto/movie_response_dto.dart
DA:3,0
DA:4,0
DA:5,0
DA:6,0
DA:9,0
DA:16,1
DA:17,2
DA:18,1
DA:19,2
DA:20,3
DA:21,3
DA:24,2
DA:25,2
DA:32,0
DA:33,0
DA:34,0
DA:35,0
DA:36,0
DA:38,0
DA:39,0
DA:44,0
DA:45,0
DA:48,0
DA:66,1
DA:67,2
DA:68,2
DA:69,4
DA:70,2
DA:71,2
DA:72,2
DA:73,2
DA:74,2
DA:75,2
DA:76,2
DA:77,2
DA:78,2
DA:79,2
DA:80,2
DA:81,2
DA:82,2
DA:83,2
DA:103,2
DA:105,0
DA:106,0
DA:107,0
DA:108,0
DA:109,0
DA:110,0
DA:111,0
DA:112,0
DA:113,0
DA:114,0
DA:115,0
DA:116,0
DA:117,0
DA:118,0
DA:119,0
DA:120,0
DA:121,0
DA:125,1
DA:126,2
LF:61
LH:29
end_of_record
SF:lib/data/local/movie_db.dart
DA:15,0
DA:16,0
DA:20,0
DA:22,0
DA:23,0
DA:26,0
DA:28,0
DA:31,0
DA:33,0
DA:34,0
DA:35,0
DA:36,0
DA:38,0
DA:41,0
DA:43,0
LF:15
LH:0
end_of_record
SF:lib/data/remote/movies_api_service.dart
DA:15,0
DA:16,0
DA:18,0
DA:20,0
DA:24,0
DA:25,0
DA:27,0
DA:29,0
DA:33,0
DA:34,0
DA:36,0
DA:39,0
DA:43,0
DA:44,0
DA:48,0
LF:15
LH:0
end_of_record
SF:lib/data/repository/movie_repo_impl.dart
DA:11,1
DA:15,1
DA:17,2
DA:18,3
DA:19,1
DA:20,3
DA:22,5
DA:27,1
DA:28,2
DA:29,3
DA:30,1
DA:31,3
DA:33,5
DA:37,1
DA:39,2
DA:40,3
DA:41,1
DA:42,3
DA:44,5
DA:48,1
DA:50,2
DA:51,3
DA:52,1
DA:57,1
DA:58,2
DA:62,1
DA:63,2
DA:67,1
DA:68,2
LF:29
LH:29
end_of_record
SF:lib/core/config/app_connect.dart
DA:7,0
DA:9,0
DA:10,0
DA:11,0
DA:13,0
DA:15,0
DA:18,0
DA:24,0
DA:28,0
DA:30,0
DA:31,0
DA:34,0
DA:35,0
DA:38,0
DA:41,0
DA:43,0
DA:48,0
DA:49,0
DA:52,0
DA:53,0
DA:56,0
DA:59,0
DA:61,0
DA:66,0
DA:67,0
DA:70,0
DA:71,0
DA:74,0
DA:77,0
DA:81,0
DA:87,0
DA:89,0
DA:91,0
DA:94,0
DA:95,0
DA:98,0
DA:101,0
DA:105,0
DA:110,0
DA:111,0
DA:114,0
DA:115,0
DA:118,0
LF:43
LH:0
end_of_record
SF:lib/core/exceptions/api_request_failed.dart
DA:6,0
DA:8,0
DA:10,0
DA:12,0
DA:13,0
DA:14,0
DA:15,0
DA:16,0
DA:19,0
DA:20,0
LF:10
LH:0
end_of_record
SF:lib/core/error/api_request_failure.dart
DA:8,0
DA:10,0
DA:11,0
DA:14,0
DA:16,0
DA:18,0
LF:6
LH:0
end_of_record
SF:lib/core/error/failure.dart
DA:4,0
DA:5,0
LF:2
LH:0
end_of_record
SF:lib/core/utils/api_interceptor.dart
DA:6,1
DA:9,2
DA:10,1
DA:11,0
DA:12,0
DA:13,0
DA:17,0
DA:19,0
DA:20,0
DA:22,0
DA:23,0
LF:11
LH:3
end_of_record
SF:lib/objectbox.g.dart
DA:20,0
DA:21,0
DA:26,0
DA:27,0
DA:32,0
DA:37,0
DA:42,0
DA:47,0
DA:52,0
DA:57,0
DA:62,0
DA:67,0
DA:72,0
DA:77,0
DA:82,0
DA:87,0
DA:93,0
DA:94,0
DA:98,0
DA:105,0
DA:106,0
DA:114,0
DA:115,0
DA:116,0
DA:150,0
DA:151,0
DA:152,0
DA:153,0
DA:154,0
DA:155,0
DA:156,0
DA:157,0
DA:159,0
DA:160,0
DA:162,0
DA:163,0
DA:164,0
DA:165,0
DA:166,0
DA:167,0
DA:168,0
DA:169,0
DA:170,0
DA:171,0
DA:172,0
DA:173,0
DA:174,0
DA:175,0
DA:176,0
DA:177,0
DA:178,0
DA:179,0
DA:180,0
DA:181,0
DA:182,0
DA:183,0
DA:185,0
DA:186,0
DA:187,0
DA:189,0
DA:191,0
DA:193,0
DA:195,0
DA:196,0
DA:198,0
DA:200,0
DA:202,0
DA:204,0
DA:206,0
DA:208,0
DA:209,0
DA:210,0
DA:211,0
DA:217,0
DA:223,0
DA:226,0
DA:227,0
DA:230,0
DA:233,0
DA:234,0
DA:237,0
DA:238,0
DA:241,0
DA:242,0
DA:245,0
DA:246,0
DA:249,0
DA:250,0
DA:253,0
DA:256,0
DA:259,0
DA:260,0
DA:263,0
DA:264,0
DA:267,0
DA:268,0
LF:96
LH:0
end_of_record
SF:lib/domain/model/movies_list.dart
DA:7,2
LF:1
LH:1
end_of_record
SF:lib/domain/usecase/get_movies_use_case.dart
DA:7,1
DA:9,1
DA:10,3
DA:12,1
DA:13,2
LF:5
LH:5
end_of_record
SF:lib/domain/model/resource.dart
DA:7,1
DA:13,1
DA:14,1
DA:22,0
DA:23,0
DA:31,0
DA:32,0
DA:40,3
DA:43,1
LF:9
LH:5
end_of_record
